<?xml version="1.0" encoding="UTF-8"?>
<testng-results skipped="0" failed="0" total="2" passed="2">
  <reporter-output>
  </reporter-output>
  <suite name="Default suite" duration-ms="45761" started-at="2017-04-27T12:23:50Z" finished-at="2017-04-27T12:24:36Z">
    <groups>
    </groups>
    <test name="Default test" duration-ms="45761" started-at="2017-04-27T12:23:50Z" finished-at="2017-04-27T12:24:36Z">
      <class name="testngcase.TravelAdminTest">
        <test-method status="PASS" signature="beforeSuite()[pri:0, instance:testngcase.TravelAdminTest@5d1659ea]" name="beforeSuite" is-config="true" duration-ms="8706" started-at="2017-04-27T17:53:41Z" finished-at="2017-04-27T17:53:50Z">
          <reporter-output>
          </reporter-output>
        </test-method> <!-- beforeSuite -->
        <test-method status="PASS" signature="Travel()[pri:0, instance:testngcase.TravelAdminTest@5d1659ea]" name="Travel" duration-ms="5891" started-at="2017-04-27T17:53:50Z" finished-at="2017-04-27T17:53:56Z">
          <reporter-output>
          </reporter-output>
        </test-method> <!-- Travel -->
        <test-method status="PASS" signature="TravelQtnUserAssignmentg()[pri:1, instance:testngcase.TravelAdminTest@5d1659ea]" name="TravelQtnUserAssignmentg" duration-ms="39847" started-at="2017-04-27T17:53:56Z" finished-at="2017-04-27T17:54:36Z">
          <reporter-output>
          </reporter-output>
        </test-method> <!-- TravelQtnUserAssignmentg -->
        <test-method status="PASS" signature="afterSuite()[pri:0, instance:testngcase.TravelAdminTest@5d1659ea]" name="afterSuite" is-config="true" duration-ms="741" started-at="2017-04-27T17:54:36Z" finished-at="2017-04-27T17:54:36Z">
          <reporter-output>
          </reporter-output>
        </test-method> <!-- afterSuite -->
      </class> <!-- testngcase.TravelAdminTest -->
    </test> <!-- Default test -->
  </suite> <!-- Default suite -->
</testng-results>
